<?xml version="1.0" encoding="UTF-8"?>
<!-- Generated by org.testng.reporters.JUnitXMLReporter -->
<testsuite ignored="0" hostname="munivamsi" failures="1" tests="7" name="Test" time="43.369" errors="0" timestamp="2025-06-04T12:51:32 IST">
  <testcase classname="testCases.TC_001_AccountRegistrationTest" name="verify_account_registration" time="5.633"/>
  <testcase classname="testCases.TC_002_LoginTest" name="verify_login" time="4.615"/>
  <testcase classname="testCases.TC_003_LoginDDT" name="verify_loginDDT" time="2.835"/>
  <testcase classname="testCases.TC_003_LoginDDT" name="verify_loginDDT" time="2.015"/>
  <testcase classname="testCases.TC_003_LoginDDT" name="verify_loginDDT" time="2.399">
    <failure type="java.lang.AssertionError" message="expected [true] but found [false]">
      <![CDATA[java.lang.AssertionError: expected [true] but found [false]
at testCases.TC_003_LoginDDT.verify_loginDDT(TC_003_LoginDDT.java:63)
at java.base/java.util.ArrayList.forEach(ArrayList.java:1511)
... Removed 31 stack frames]]>
    </failure>
  </testcase> <!-- verify_loginDDT -->
  <testcase classname="testCases.TC_003_LoginDDT" name="verify_loginDDT" time="11.396"/>
  <testcase classname="testCases.TC_003_LoginDDT" name="verify_loginDDT" time="2.015"/>
</testsuite> <!-- Test -->
