<?xml version="1.0" encoding="UTF-8"?>
<!-- Generated by org.testng.reporters.JUnitXMLReporter -->
<testsuite ignored="0" hostname="munivamsi" failures="1" tests="7" name="Test" time="40.419" errors="0" timestamp="2025-06-06T12:55:14 IST">
  <testcase classname="testCases.TC_001_AccountRegistrationTest" name="verify_account_registration" time="2.126"/>
  <testcase classname="testCases.TC_002_LoginTest" name="verify_login" time="1.871"/>
  <testcase classname="testCases.TC_003_LoginDDT" name="verify_loginDDT" time="2.279"/>
  <testcase classname="testCases.TC_003_LoginDDT" name="verify_loginDDT" time="2.747"/>
  <testcase classname="testCases.TC_003_LoginDDT" name="verify_loginDDT" time="1.977">
    <failure type="java.lang.AssertionError" message="expected [true] but found [false]">
      <![CDATA[java.lang.AssertionError: expected [true] but found [false]
at testCases.TC_003_LoginDDT.verify_loginDDT(TC_003_LoginDDT.java:63)
at java.base/java.util.ArrayList.forEach(ArrayList.java:1511)
... Removed 35 stack frames]]>
    </failure>
  </testcase> <!-- verify_loginDDT -->
  <testcase classname="testCases.TC_003_LoginDDT" name="verify_loginDDT" time="14.38"/>
  <testcase classname="testCases.TC_003_LoginDDT" name="verify_loginDDT" time="2.267"/>
</testsuite> <!-- Test -->
